\BOOKMARK [0][-]{chapter.1}{Introduction}{}% 1
\BOOKMARK [0][-]{chapter.2}{Methods}{}% 2
\BOOKMARK [1][-]{section.2.1}{EnzymeML\040and\040PyEnzyme}{chapter.2}% 3
\BOOKMARK [2][-]{subsection.2.1.1}{Creation\040of\040EnzymeML\040documents}{section.2.1}% 4
\BOOKMARK [2][-]{subsection.2.1.2}{Saving\040of\040modeling\040results}{section.2.1}% 5
\BOOKMARK [1][-]{section.2.2}{CaliPytion}{chapter.2}% 6
\BOOKMARK [2][-]{subsection.2.2.1}{Data\040model}{section.2.2}% 7
\BOOKMARK [2][-]{subsection.2.2.2}{Initialization}{section.2.2}% 8
\BOOKMARK [2][-]{subsection.2.2.3}{Code\040availability}{section.2.2}% 9
\BOOKMARK [1][-]{section.2.3}{EnzymePynetics}{chapter.2}% 10
\BOOKMARK [2][-]{subsection.2.3.1}{Data\040model}{section.2.3}% 11
\BOOKMARK [2][-]{subsection.2.3.2}{Kinetic\040models}{section.2.3}% 12
\BOOKMARK [2][-]{subsection.2.3.3}{Run\040parameter\040estimation}{section.2.3}% 13
\BOOKMARK [2][-]{subsection.2.3.4}{Code\040availability}{section.2.3}% 14
\BOOKMARK [1][-]{section.2.4}{Model\040comparison}{chapter.2}% 15
\BOOKMARK [1][-]{section.2.5}{Jupyter\040Notebook}{chapter.2}% 16
\BOOKMARK [1][-]{section.2.6}{Jupyter\040Book}{chapter.2}% 17
\BOOKMARK [0][-]{chapter.3}{Results}{}% 18
\BOOKMARK [1][-]{section.3.1}{Workflow\040for\040enzyme\040kinetics\040parameter\040estimation}{chapter.3}% 19
\BOOKMARK [2][-]{subsection.3.1.1}{CaliPytion}{section.3.1}% 20
\BOOKMARK [2][-]{subsection.3.1.2}{EnzymePynetics}{section.3.1}% 21
\BOOKMARK [1][-]{section.3.2}{Scenario-driven\040workflow\040development}{chapter.3}% 22
\BOOKMARK [1][-]{section.3.3}{Data\040analysis\040with\040Jupyter\040Notebooks}{chapter.3}% 23
\BOOKMARK [1][-]{section.3.4}{Scenario\040A:\040Chymotrypsin\040inhibiton\040by\040an\040in\040silico\040designed\040albumin\040fusion\040protein}{chapter.3}% 24
\BOOKMARK [2][-]{subsection.3.4.1}{Project\040background}{section.3.4}% 25
\BOOKMARK [3][-]{subsubsection*.5}{Experimental\040design}{subsection.3.4.1}% 26
\BOOKMARK [3][-]{subsubsection*.6}{Data\040management}{subsection.3.4.1}% 27
\BOOKMARK [2][-]{subsection.3.4.2}{Data\040preparation}{section.3.4}% 28
\BOOKMARK [3][-]{subsubsection*.7}{Imports}{subsection.3.4.2}% 29
\BOOKMARK [3][-]{subsubsection*.8}{Concentration\040calculation}{subsection.3.4.2}% 30
\BOOKMARK [3][-]{subsubsection*.9}{Experimental\040data}{subsection.3.4.2}% 31
\BOOKMARK [2][-]{subsection.3.4.3}{Comparability\040of\040the\040experiments}{section.3.4}% 32
\BOOKMARK [2][-]{subsection.3.4.4}{Determination\040and\040comparison\040of\040Ki}{section.3.4}% 33
\BOOKMARK [2][-]{subsection.3.4.5}{Save\040modeling\040results}{section.3.4}% 34
\BOOKMARK [1][-]{section.3.5}{\376\377\000S\000c\000e\000n\000a\000r\000i\000o\000\040\000B\000:\000\040\003\261\000-\000g\000l\000u\000c\000o\000s\000i\000d\000a\000s\000e\000\040\000i\000n\000h\000i\000b\000i\000t\000i\000o\000n\000\040\000b\000y\000\040\000f\000u\000c\000o\000i\000d\000a\000n}{chapter.3}% 35
\BOOKMARK [2][-]{subsection.3.5.1}{Project\040background}{section.3.5}% 36
\BOOKMARK [3][-]{subsubsection*.10}{Experimental\040design}{subsection.3.5.1}% 37
\BOOKMARK [2][-]{subsection.3.5.2}{Data\040preparation}{section.3.5}% 38
\BOOKMARK [3][-]{subsubsection*.11}{Imports\040and\040parser\040function}{subsection.3.5.2}% 39
\BOOKMARK [3][-]{subsubsection*.12}{Data\040quality}{subsection.3.5.2}% 40
\BOOKMARK [3][-]{subsubsection*.13}{Concentration\040calculation}{subsection.3.5.2}% 41
\BOOKMARK [2][-]{subsection.3.5.3}{Parameter\040estimation}{section.3.5}% 42
\BOOKMARK [2][-]{subsection.3.5.4}{Project\040discussion}{section.3.5}% 43
\BOOKMARK [2][-]{subsection.3.5.5}{Save\040modeling\040results}{section.3.5}% 44
\BOOKMARK [1][-]{section.3.6}{Scenario\040C:\040SLAC\040characterization}{chapter.3}% 45
\BOOKMARK [2][-]{subsection.3.6.1}{Project\040background}{section.3.6}% 46
\BOOKMARK [3][-]{subsubsection*.14}{Experimental\040design}{subsection.3.6.1}% 47
\BOOKMARK [3][-]{subsubsection*.15}{Data\040management}{subsection.3.6.1}% 48
\BOOKMARK [2][-]{subsection.3.6.2}{Data\040preparation}{section.3.6}% 49
\BOOKMARK [3][-]{subsubsection*.16}{Imports}{subsection.3.6.2}% 50
\BOOKMARK [3][-]{subsubsection*.17}{Experimental\040data}{subsection.3.6.2}% 51
\BOOKMARK [3][-]{subsubsection*.18}{Concentration\040calculation}{subsection.3.6.2}% 52
\BOOKMARK [2][-]{subsection.3.6.3}{Quality\040control\040through\040mass\040balance\040analysis}{section.3.6}% 53
\BOOKMARK [2][-]{subsection.3.6.4}{Kinetic\040parameter\040estimation}{section.3.6}% 54
\BOOKMARK [3][-]{subsubsection*.19}{Choice\040of\040kinetic\040model}{subsection.3.6.4}% 55
\BOOKMARK [3][-]{subsubsection*.20}{Parameter\040estimates\040for\040kcat\040and\040Km}{subsection.3.6.4}% 56
\BOOKMARK [3][-]{subsubsection*.21}{Time-dependent\040enzyme\040inactivation}{subsection.3.6.4}% 57
\BOOKMARK [2][-]{subsection.3.6.5}{Project\040discussion}{section.3.6}% 58
\BOOKMARK [3][-]{subsubsection*.22}{Data\040management}{subsection.3.6.5}% 59
\BOOKMARK [3][-]{subsubsection*.23}{Correlation\040between\040parameters}{subsection.3.6.5}% 60
\BOOKMARK [3][-]{subsubsection*.24}{Enzyme\040inactivation}{subsection.3.6.5}% 61
\BOOKMARK [2][-]{subsection.3.6.6}{Save\040modeling\040results}{section.3.6}% 62
\BOOKMARK [1][-]{section.3.7}{Scenario\040D:\040Time-dependent\040enzyme\040inactivation}{chapter.3}% 63
\BOOKMARK [2][-]{subsection.3.7.1}{Project\040background}{section.3.7}% 64
\BOOKMARK [3][-]{subsubsection*.25}{Experimental\040design}{subsection.3.7.1}% 65
\BOOKMARK [3][-]{subsubsection*.26}{Experimental\040data}{subsection.3.7.1}% 66
\BOOKMARK [2][-]{subsection.3.7.2}{Adsorption\040of\040enzyme\040to\040micro\040titer\040plate\040surface}{section.3.7}% 67
\BOOKMARK [3][-]{subsubsection*.27}{Imports}{subsection.3.7.2}% 68
\BOOKMARK [3][-]{subsubsection*.28}{Calculation\040of\040inactivation\040rate}{subsection.3.7.2}% 69
\BOOKMARK [2][-]{subsection.3.7.3}{Enzyme\040kinetics\040experiment}{section.3.7}% 70
\BOOKMARK [3][-]{subsubsection*.29}{Experimental\040data}{subsection.3.7.3}% 71
\BOOKMARK [2][-]{subsection.3.7.4}{Kinetic\040parameter\040estimation}{section.3.7}% 72
\BOOKMARK [3][-]{subsubsection*.30}{Quality\040control\040through\040modeling}{subsection.3.7.4}% 73
\BOOKMARK [3][-]{subsubsection*.31}{Parameter\040estimation\040with\040and\040without\040considering\040enzyme\040inactivation}{subsection.3.7.4}% 74
\BOOKMARK [2][-]{subsection.3.7.5}{Project\040discussion}{section.3.7}% 75
\BOOKMARK [3][-]{subsubsection*.32}{Data\040quality}{subsection.3.7.5}% 76
\BOOKMARK [3][-]{subsubsection*.33}{Enzyme\040inactivation}{subsection.3.7.5}% 77
\BOOKMARK [2][-]{subsection.3.7.6}{Save\040modeling\040results}{section.3.7}% 78
\BOOKMARK [0][-]{chapter.4}{Discussion}{}% 79
\BOOKMARK [1][-]{section.4.1}{Data\040integrity\040of\040the\040analysis\040workflow}{chapter.4}% 80
\BOOKMARK [1][-]{section.4.2}{Repeatability,\040reproducibility\040and\040FAIRness\040of\040the\040analysis\040workflow}{chapter.4}% 81
\BOOKMARK [0][-]{chapter.5}{Conclusion\040and\040Outlook}{}% 82
\BOOKMARK [0][-]{chapter*.34}{Bibliography}{}% 83
